<?xml version="1.0" encoding="UTF-8"?>
<!-- Generated by org.testng.reporters.JUnitReportReporter -->
<testsuite hostname="GINAGELERATAN" failures="0" tests="1" name="test.ExtentReportTest" time="44.145" errors="0" timestamp="2023-07-25T16:03:24 PST" skipped="0">
  <testcase classname="test.ExtentReportTest" name="initialDemo" time="44.145"/>
</testsuite> <!-- test.ExtentReportTest -->
