<?xml version="1.0" encoding="UTF-8"?>
<!-- Generated by org.testng.reporters.JUnitReportReporter -->
<testsuite hostname="GINAGELERATAN" failures="0" tests="3" name="test.testDataProviderAndExcel" time="0.016" errors="0" timestamp="2023-07-28T19:19:34 PST" skipped="0">
  <testcase classname="test.testDataProviderAndExcel" name="testCaseData" time="0.002"/>
  <testcase classname="test.testDataProviderAndExcel" name="testCaseData" time="0.008"/>
  <testcase classname="test.testDataProviderAndExcel" name="testCaseData" time="0.006"/>
</testsuite> <!-- test.testDataProviderAndExcel -->
