<?xml version="1.0" encoding="UTF-8"?>
<!-- Generated by org.testng.reporters.JUnitReportReporter -->
<testsuite hostname="GINAGELERATAN" failures="0" tests="1" name="test.seleniumGridTest" time="4.773" errors="0" timestamp="2023-07-29T13:24:47 PST" skipped="0">
  <testcase classname="test.seleniumGridTest" name="SampleTest" time="4.773"/>
</testsuite> <!-- test.seleniumGridTest -->
