<?xml version="1.0" encoding="UTF-8"?>
<!-- Generated by org.testng.reporters.JUnitReportReporter -->
<testsuite hostname="GINAGELERATAN" failures="0" tests="1" name="cucumber.TestNGTestRunner" time="15.353" errors="0" timestamp="2023-07-27T14:28:57 PST" skipped="0">
  <testcase classname="cucumber.TestNGTestRunner" name="runScenario" time="15.353"/>
</testsuite> <!-- cucumber.TestNGTestRunner -->
