<?xml version="1.0" encoding="UTF-8"?>
<!-- Generated by org.testng.reporters.JUnitReportReporter -->
<testsuite hostname="GINAGELERATAN" failures="0" tests="1" name="test.ErrorValidations" time="24.046" errors="0" timestamp="2023-08-01T00:00:56 PST" skipped="0">
  <testcase classname="test.ErrorValidations" name="orderAndSubmit" time="24.046"/>
</testsuite> <!-- test.ErrorValidations -->
